<?xml version="1.0" encoding="UTF-8"?>
<testng-results skipped="0" failed="0" ignored="0" total="2" passed="2">
  <reporter-output>
  </reporter-output>
  <suite name="Default suite" duration-ms="2439" started-at="2017-07-11T10:27:23Z" finished-at="2017-07-11T10:27:26Z">
    <groups>
    </groups>
    <test name="Default test" duration-ms="2439" started-at="2017-07-11T10:27:23Z" finished-at="2017-07-11T10:27:26Z">
      <class name="com.finopaym.api.LoginReq">
        <test-method status="PASS" signature="test_01()[pri:0, instance:com.finopaym.api.LoginReq@78c730]" name="test_01" duration-ms="2173" started-at="2017-07-11T15:57:23Z" finished-at="2017-07-11T15:57:25Z">
          <reporter-output>
          </reporter-output>
        </test-method> <!-- test_01 -->
        <test-method status="PASS" signature="test_02()[pri:0, instance:com.finopaym.api.LoginReq@78c730]" name="test_02" duration-ms="233" started-at="2017-07-11T15:57:25Z" finished-at="2017-07-11T15:57:26Z">
          <reporter-output>
          </reporter-output>
        </test-method> <!-- test_02 -->
      </class> <!-- com.finopaym.api.LoginReq -->
    </test> <!-- Default test -->
  </suite> <!-- Default suite -->
</testng-results>
